[debug] [2019-04-07T12:29:35.128Z] ----------------------------------------------------------------------
[debug] [2019-04-07T12:29:35.131Z] Command:       /Users/laurent.bouhnik/.nvm/versions/node/v10.14.1/bin/node /Users/laurent.bouhnik/.nvm/versions/node/v10.14.1/bin/firebase deploy
[debug] [2019-04-07T12:29:35.131Z] CLI Version:   6.4.0
[debug] [2019-04-07T12:29:35.131Z] Platform:      darwin
[debug] [2019-04-07T12:29:35.131Z] Node Version:  v10.14.1
[debug] [2019-04-07T12:29:35.132Z] Time:          Sun Apr 07 2019 13:29:35 GMT+0100 (British Summer Time)
[debug] [2019-04-07T12:29:35.132Z] ----------------------------------------------------------------------
[debug] 
[debug] [2019-04-07T12:29:35.144Z] > command requires scopes: ["email","openid","https://www.googleapis.com/auth/cloudplatformprojects.readonly","https://www.googleapis.com/auth/firebase","https://www.googleapis.com/auth/cloud-platform"]
[debug] [2019-04-07T12:29:35.145Z] > authorizing via signed-in user
[debug] [2019-04-07T12:29:35.145Z] [iam] checking project interface-aesthetics for permissions ["cloudfunctions.functions.create","cloudfunctions.functions.delete","cloudfunctions.functions.get","cloudfunctions.functions.list","cloudfunctions.functions.update","cloudfunctions.operations.get","firebase.projects.get","firebasedatabase.instances.update","firebasehosting.sites.update"]
[debug] [2019-04-07T12:29:35.147Z] >>> HTTP REQUEST POST https://cloudresourcemanager.googleapis.com/v1/projects/interface-aesthetics:testIamPermissions  

[debug] [2019-04-07T12:29:36.013Z] <<< HTTP RESPONSE 200
[debug] [2019-04-07T12:29:36.015Z] >>> HTTP REQUEST GET https://firebase.googleapis.com/v1beta1/projects/interface-aesthetics  
 
[debug] [2019-04-07T12:29:36.245Z] <<< HTTP RESPONSE 200
[info] 
[info] === Deploying to 'interface-aesthetics'...
[info] 
[info] i  deploying database, functions, hosting
[info] i  database: checking rules syntax...
[debug] [2019-04-07T12:29:39.226Z] >>> HTTP REQUEST PUT https://interface-aesthetics.firebaseio.com/.settings/rules.json?dryRun=true  
 {
  "rules": {
    ".read": true
  }
}

[debug] [2019-04-07T12:29:39.814Z] <<< HTTP RESPONSE 200
[info] ✔  database: rules syntax for database interface-aesthetics is valid
[debug] [2019-04-07T12:29:39.816Z] > [functions] package.json contents: {
  "name": "interface-aesthetics",
  "description": "interface-aesthetics",
  "dependencies": {
    "body-parser": "^1.18.3",
    "cors": "^2.8.5",
    "express": "4.15.2",
    "express-graphql": "^0.7.1",
    "firebase": "5.8.2",
    "firebase-admin": "~7.0.0",
    "firebase-functions": "^2.2.0",
    "graphql": "^14.1.1",
    "graphql-tag": "^2.10.1",
    "graphql-tools": "^4.0.4",
    "node-sass": "^4.11.0",
    "react": "^16.7.0",
    "react-dom": "^16.7.0",
    "request": "2.81.0"
  },
  "devDependencies": {
    "eslint": "^4.13.1",
    "eslint-plugin-promise": "^3.6.0"
  },
  "scripts": {
    "lint": "./node_modules/.bin/eslint --max-warnings=0 .",
    "serve": "firebase serve --only functions",
    "shell": "firebase experimental:functions:shell",
    "start": "npm run shell",
    "deploy": "firebase deploy --only functions",
    "logs": "firebase functions:log"
  },
  "engines": {
    "node": "8"
  },
  "private": true
}
[info] i  functions: ensuring necessary APIs are enabled...
[debug] [2019-04-07T12:29:39.817Z] >>> HTTP REQUEST GET https://servicemanagement.googleapis.com/v1/services/cloudfunctions.googleapis.com/projectSettings/interface-aesthetics?view=CONSUMER_VIEW  
 
[debug] [2019-04-07T12:29:39.817Z] >>> HTTP REQUEST GET https://servicemanagement.googleapis.com/v1/services/runtimeconfig.googleapis.com/projectSettings/interface-aesthetics?view=CONSUMER_VIEW  
 
[debug] [2019-04-07T12:29:41.135Z] <<< HTTP RESPONSE 200
[debug] [2019-04-07T12:29:41.176Z] <<< HTTP RESPONSE 200
[info] ✔  functions: all necessary APIs are enabled
[debug] [2019-04-07T12:29:41.177Z] >>> HTTP REQUEST GET https://cloudresourcemanager.googleapis.com/v1/projects/interface-aesthetics  
 
[debug] [2019-04-07T12:29:41.948Z] <<< HTTP RESPONSE 200
[debug] [2019-04-07T12:29:41.949Z] >>> HTTP REQUEST GET https://mobilesdk-pa.googleapis.com/v1/projects/316527730177:getServerAppConfig  
 
[debug] [2019-04-07T12:29:42.178Z] <<< HTTP RESPONSE 200
[debug] [2019-04-07T12:29:42.179Z] >>> HTTP REQUEST POST https://firebasehosting.googleapis.com/v1beta1/sites/interface-aesthetics/versions  

[debug] [2019-04-07T12:29:43.587Z] <<< HTTP RESPONSE 200
[info] i  functions: preparing functions directory for uploading...
[debug] [2019-04-07T12:29:43.591Z] >>> HTTP REQUEST GET https://runtimeconfig.googleapis.com/v1beta1/projects/interface-aesthetics/configs  
 
[debug] [2019-04-07T12:29:43.995Z] <<< HTTP RESPONSE 200
[info] i  functions: packaged functions (995.86 KB) for uploading
[debug] [2019-04-07T12:29:45.736Z] >>> HTTP REQUEST POST https://cloudfunctions.googleapis.com/v1/projects/interface-aesthetics/locations/us-central1/functions:generateUploadUrl  
 
[debug] [2019-04-07T12:29:46.071Z] <<< HTTP RESPONSE 200
[debug] [2019-04-07T12:29:46.071Z] >>> HTTP REQUEST PUT https://storage.googleapis.com/gcf-upload-us-central1-4e0be8fa-9177-482f-97b4-5e5f4402ff6b/a228fac6-be93-4002-83b4-0c721898d0fc.zip?GoogleAccessId=service-316527730177@gcf-admin-robot.iam.gserviceaccount.com&Expires=1554641985&Signature=YG02%2Bushrjq7W3mW%2Bq9Wnf%2BUSLN1mNkBa1QAiKZyrwx0qrSVIyEurilUFouXXjosCNihtlLt7GcQmMbwYh6lQxQymRK2FfrPGzN7HNfKKP6QNOMZIzsmttHcjv6z5z83p3il5YjB3YgX5NmVDIgCjBNnWMcEV52gFoeH4%2BJnOKE%2FQaH0cM53ZtzUauXPfjRbt6rMWiUoRQ6WNhiILTQNLAplAAg7f4CBDKc4GLtn3mH0idDJlAIXQQruh5x4xS4uhV8qH%2FROyUqEqcpoJuKIqx%2FlU2ySShCbg50MMvd0ImL4uDkVC%2BvR8t%2FkaHSduy%2F1SS7ausnSzMjH%2FrzuTdAdcA%3D%3D  

[debug] [2019-04-07T12:29:47.989Z] <<< HTTP RESPONSE 200
[info] ✔  functions: functions folder uploaded successfully
[info] i  hosting[interface-aesthetics]: beginning deploy...
[info] i  hosting[interface-aesthetics]: found 30 files in public
[debug] [2019-04-07T12:29:47.999Z] [hosting] hash cache [cHVibGlj] load error: lines is not defined
[debug] [2019-04-07T12:29:49.383Z] [hosting] hash cache [cHVibGlj] stored for 30 files
[debug] [2019-04-07T12:29:49.383Z] [hosting][hash queue][FINAL]
[debug] [2019-04-07T12:29:49.383Z] >>> HTTP REQUEST POST https://firebasehosting.googleapis.com/v1beta1/sites/interface-aesthetics/versions/3351fda48eb955ad:populateFiles  
 <request body omitted>
[debug] [2019-04-07T12:29:51.475Z] <<< HTTP RESPONSE 200
[debug] [2019-04-07T12:29:51.477Z] [hosting][populate queue][FINAL]
[debug] [2019-04-07T12:29:51.477Z] [hosting] uploads queued: 1
[debug] [2019-04-07T12:30:58.841Z] ----------------------------------------------------------------------
[debug] [2019-04-07T12:30:58.844Z] Command:       /Users/laurent.bouhnik/.nvm/versions/node/v10.14.1/bin/node /Users/laurent.bouhnik/.nvm/versions/node/v10.14.1/bin/firebase deploy
[debug] [2019-04-07T12:30:58.844Z] CLI Version:   6.4.0
[debug] [2019-04-07T12:30:58.844Z] Platform:      darwin
[debug] [2019-04-07T12:30:58.844Z] Node Version:  v10.14.1
[debug] [2019-04-07T12:30:58.845Z] Time:          Sun Apr 07 2019 13:30:58 GMT+0100 (British Summer Time)
[debug] [2019-04-07T12:30:58.845Z] ----------------------------------------------------------------------
[debug] 
[debug] [2019-04-07T12:30:58.855Z] > command requires scopes: ["email","openid","https://www.googleapis.com/auth/cloudplatformprojects.readonly","https://www.googleapis.com/auth/firebase","https://www.googleapis.com/auth/cloud-platform"]
[debug] [2019-04-07T12:30:58.855Z] > authorizing via signed-in user
[debug] [2019-04-07T12:30:58.856Z] [iam] checking project interface-aesthetics for permissions ["cloudfunctions.functions.create","cloudfunctions.functions.delete","cloudfunctions.functions.get","cloudfunctions.functions.list","cloudfunctions.functions.update","cloudfunctions.operations.get","firebase.projects.get","firebasedatabase.instances.update","firebasehosting.sites.update"]
[debug] [2019-04-07T12:30:58.857Z] >>> HTTP REQUEST POST https://cloudresourcemanager.googleapis.com/v1/projects/interface-aesthetics:testIamPermissions  

[debug] [2019-04-07T12:30:59.622Z] <<< HTTP RESPONSE 200
[debug] [2019-04-07T12:30:59.624Z] >>> HTTP REQUEST GET https://firebase.googleapis.com/v1beta1/projects/interface-aesthetics  
 
[debug] [2019-04-07T12:30:59.867Z] <<< HTTP RESPONSE 200
[info] 
[info] === Deploying to 'interface-aesthetics'...
[info] 
[info] i  deploying database, functions, hosting
[info] i  database: checking rules syntax...
[debug] [2019-04-07T12:31:02.608Z] >>> HTTP REQUEST PUT https://interface-aesthetics.firebaseio.com/.settings/rules.json?dryRun=true  
 {
  "rules": {
    ".read": true
  }
}

[debug] [2019-04-07T12:31:03.357Z] <<< HTTP RESPONSE 200
[info] ✔  database: rules syntax for database interface-aesthetics is valid
[debug] [2019-04-07T12:31:03.359Z] > [functions] package.json contents: {
  "name": "interface-aesthetics",
  "description": "interface-aesthetics",
  "dependencies": {
    "body-parser": "^1.18.3",
    "cors": "^2.8.5",
    "express": "4.15.2",
    "express-graphql": "^0.7.1",
    "firebase": "5.8.2",
    "firebase-admin": "~7.0.0",
    "firebase-functions": "^2.2.0",
    "graphql": "^14.1.1",
    "graphql-tag": "^2.10.1",
    "graphql-tools": "^4.0.4",
    "node-sass": "^4.11.0",
    "react": "^16.7.0",
    "react-dom": "^16.7.0",
    "request": "2.81.0"
  },
  "devDependencies": {
    "eslint": "^4.13.1",
    "eslint-plugin-promise": "^3.6.0"
  },
  "scripts": {
    "lint": "./node_modules/.bin/eslint --max-warnings=0 .",
    "serve": "firebase serve --only functions",
    "shell": "firebase experimental:functions:shell",
    "start": "npm run shell",
    "deploy": "firebase deploy --only functions",
    "logs": "firebase functions:log"
  },
  "engines": {
    "node": "8"
  },
  "private": true
}
[info] i  functions: ensuring necessary APIs are enabled...
[debug] [2019-04-07T12:31:03.360Z] >>> HTTP REQUEST GET https://servicemanagement.googleapis.com/v1/services/cloudfunctions.googleapis.com/projectSettings/interface-aesthetics?view=CONSUMER_VIEW  
 
[debug] [2019-04-07T12:31:03.360Z] >>> HTTP REQUEST GET https://servicemanagement.googleapis.com/v1/services/runtimeconfig.googleapis.com/projectSettings/interface-aesthetics?view=CONSUMER_VIEW  
 
[debug] [2019-04-07T12:31:04.690Z] <<< HTTP RESPONSE 200
[debug] [2019-04-07T12:31:04.729Z] <<< HTTP RESPONSE 200
[info] ✔  functions: all necessary APIs are enabled
[debug] [2019-04-07T12:31:04.730Z] >>> HTTP REQUEST GET https://cloudresourcemanager.googleapis.com/v1/projects/interface-aesthetics  
 
[debug] [2019-04-07T12:31:05.507Z] <<< HTTP RESPONSE 200
[debug] [2019-04-07T12:31:05.508Z] >>> HTTP REQUEST GET https://mobilesdk-pa.googleapis.com/v1/projects/316527730177:getServerAppConfig  
 
[debug] [2019-04-07T12:31:05.733Z] <<< HTTP RESPONSE 200
[debug] [2019-04-07T12:31:05.734Z] >>> HTTP REQUEST POST https://firebasehosting.googleapis.com/v1beta1/sites/interface-aesthetics/versions  

[debug] [2019-04-07T12:31:07.147Z] <<< HTTP RESPONSE 200
[info] i  functions: preparing functions directory for uploading...
[debug] [2019-04-07T12:31:07.150Z] >>> HTTP REQUEST GET https://runtimeconfig.googleapis.com/v1beta1/projects/interface-aesthetics/configs  
 
[debug] [2019-04-07T12:31:08.041Z] <<< HTTP RESPONSE 200
[info] i  functions: packaged functions (995.83 KB) for uploading
[debug] [2019-04-07T12:31:09.770Z] >>> HTTP REQUEST POST https://cloudfunctions.googleapis.com/v1/projects/interface-aesthetics/locations/us-central1/functions:generateUploadUrl  
 
[debug] [2019-04-07T12:31:10.231Z] <<< HTTP RESPONSE 200
[debug] [2019-04-07T12:31:10.232Z] >>> HTTP REQUEST PUT https://storage.googleapis.com/gcf-upload-us-central1-4e0be8fa-9177-482f-97b4-5e5f4402ff6b/c6ae7673-4920-4175-8478-b40633ad4a86.zip?GoogleAccessId=service-316527730177@gcf-admin-robot.iam.gserviceaccount.com&Expires=1554642070&Signature=DRJdZZxR%2BjOWX59nHd%2F5OhszoIdtnCwkt0g1XkolUt%2F2BCzsCndRiFETR5lbD1a3E3H7jeuYOY9Q7DrUKaXUfR%2FKPHilz2NlHiJYybA%2FKQbjTZzfSB9l%2FKc7j2vafT3TlGKplnaTwcMuV5WyoVMu4eGz8a50mwaFwdU3qOZODPwZo7cCyQ7CnHOaIqNoZN8d6fpmjMloYQcFyS8oITXXgLCg%2BxqtTuxcNr5OxKn%2FplhrY9YRyD6i3RUmEC17lf7CRyUBpqG7xjOoSQvifseBPe6COhqubPQ3%2F4uEKBRv04OyJexwM8jjmwAeb9eF5shpetXYn84%2FxbwL5hjOMan69w%3D%3D  

[debug] [2019-04-07T12:31:12.164Z] <<< HTTP RESPONSE 200
[info] ✔  functions: functions folder uploaded successfully
[info] i  hosting[interface-aesthetics]: beginning deploy...
[info] i  hosting[interface-aesthetics]: found 30 files in public
[debug] [2019-04-07T12:31:12.175Z] [hosting] hash cache [cHVibGlj] load error: lines is not defined
[debug] [2019-04-07T12:31:14.757Z] [hosting] hash cache [cHVibGlj] stored for 30 files
[debug] [2019-04-07T12:31:14.757Z] [hosting][hash queue][FINAL]
[debug] [2019-04-07T12:31:14.758Z] >>> HTTP REQUEST POST https://firebasehosting.googleapis.com/v1beta1/sites/interface-aesthetics/versions/a7671491132639c3:populateFiles  
 <request body omitted>
[debug] [2019-04-07T12:31:16.775Z] <<< HTTP RESPONSE 200
[debug] [2019-04-07T12:31:16.778Z] [hosting][populate queue][FINAL]
[debug] [2019-04-07T12:31:16.778Z] [hosting] uploads queued: 1
[debug] [2019-04-07T12:31:30.600Z] [hosting][upload] assets/client.bundle.js (6a8eb5db68cee0268de0154f7a2cf06fce8ea0e904e4c31e1ef3c7ca12a15b0d) HTTP ERROR 400 : { 'x-guploader-uploadid':
   'AEnB2UrTtL_99IzgwL40gTLqEhyCp97mBdTdtLk4M6i8OfhzfjFH_RQMgOsDsLpe19Wu1as0B6X8E1h5k9zc4ATDW5r2-B3lBw',
  'content-length': '37',
  date: 'Sun, 07 Apr 2019 12:31:30 GMT',
  server: 'UploadServer',
  'content-type': 'text/html; charset=UTF-8',
  'alt-svc': 'quic=":443"; ma=2592000; v="46,44,43,39"',
  connection: 'close' } Couldn't process request (status=400)
[debug] [2019-04-07T12:31:31.009Z] [uploadQueue] Retrying task 6a8eb5db68cee0268de0154f7a2cf06fce8ea0e904e4c31e1ef3c7ca12a15b0d
[debug] [2019-04-07T12:31:35.831Z] [hosting][upload] assets/client.bundle.js (6a8eb5db68cee0268de0154f7a2cf06fce8ea0e904e4c31e1ef3c7ca12a15b0d) HTTP ERROR 400 : { 'x-guploader-uploadid':
   'AEnB2Uo8Xdm7o9TBPEmJYmDjVr7tIaTCv3qaTm-WQ4rk-12a1fr0HRkhMFiodVgKs5ejYdkMnEFmCaBx6BYMjQrtTO4j4kEUQRisrKgW9aqHy0F-ZWgsR7w',
  'content-length': '37',
  date: 'Sun, 07 Apr 2019 12:31:35 GMT',
  server: 'UploadServer',
  'content-type': 'text/html; charset=UTF-8',
  'alt-svc': 'quic=":443"; ma=2592000; v="46,44,43,39"',
  connection: 'close' } Couldn't process request (status=400)
[debug] [2019-04-07T12:31:36.634Z] [uploadQueue] Retrying task 6a8eb5db68cee0268de0154f7a2cf06fce8ea0e904e4c31e1ef3c7ca12a15b0d
[debug] [2019-04-07T12:31:38.380Z] [hosting][upload] assets/client.bundle.js (6a8eb5db68cee0268de0154f7a2cf06fce8ea0e904e4c31e1ef3c7ca12a15b0d) HTTP ERROR 400 : { 'x-guploader-uploadid':
   'AEnB2Uq-T5qtoySh340betiLtxYbpmF15XgjQ9x94rwIaaLZgWFgCF9bou95Yt2c4xFjgOhDQUqb3vk-Fu3F3nh9XAtUBJ1yiFxdQfyZdbSO8IiHeoiVzIc',
  'content-length': '37',
  date: 'Sun, 07 Apr 2019 12:31:38 GMT',
  server: 'UploadServer',
  'content-type': 'text/html; charset=UTF-8',
  'alt-svc': 'quic=":443"; ma=2592000; v="46,44,43,39"',
  connection: 'close' } Couldn't process request (status=400)
[debug] [2019-04-07T12:31:39.985Z] [uploadQueue] Retrying task 6a8eb5db68cee0268de0154f7a2cf06fce8ea0e904e4c31e1ef3c7ca12a15b0d
[debug] [2019-04-07T12:32:12.790Z] [hosting][upload] assets/client.bundle.js (6a8eb5db68cee0268de0154f7a2cf06fce8ea0e904e4c31e1ef3c7ca12a15b0d) HTTP ERROR 400 : { 'x-guploader-uploadid':
   'AEnB2Up3HAtp6eeiQgcoxtCbIpmj0_Jhgfa2EK_Yf9xO-iG-zIz10ABpbTPyxlmDpuQhCwt4mU9of4Yg34W6k8DjIijG_ZPaNg',
  'content-length': '37',
  date: 'Sun, 07 Apr 2019 12:32:12 GMT',
  server: 'UploadServer',
  'content-type': 'text/html; charset=UTF-8',
  'alt-svc': 'quic=":443"; ma=2592000; v="46,44,43,39"',
  connection: 'close' } Couldn't process request (status=400)
[debug] [2019-04-07T12:32:15.991Z] [uploadQueue] Retrying task 6a8eb5db68cee0268de0154f7a2cf06fce8ea0e904e4c31e1ef3c7ca12a15b0d
[debug] [2019-04-07T12:32:37.875Z] [hosting][upload] assets/client.bundle.js (6a8eb5db68cee0268de0154f7a2cf06fce8ea0e904e4c31e1ef3c7ca12a15b0d) HTTP ERROR 400 : { 'x-guploader-uploadid':
   'AEnB2UrsrWQ3mEv6CyDUh8d7st64ljRZgWclPFfEDqN3pp2QWtjwyQNyGtr6CIfaM4PPaJnFBOLAHb9Cu2LBdMeVQwyMlwfpqOvQvQQvMK1XWXZHhYC86w8',
  'content-length': '37',
  date: 'Sun, 07 Apr 2019 12:32:37 GMT',
  server: 'UploadServer',
  'content-type': 'text/html; charset=UTF-8',
  'alt-svc': 'quic=":443"; ma=2592000; v="46,44,43,39"',
  connection: 'close' } Couldn't process request (status=400)
[debug] [2019-04-07T12:32:44.277Z] [uploadQueue] Retrying task 6a8eb5db68cee0268de0154f7a2cf06fce8ea0e904e4c31e1ef3c7ca12a15b0d
[debug] [2019-04-07T12:33:40.547Z] [hosting][upload] assets/client.bundle.js (6a8eb5db68cee0268de0154f7a2cf06fce8ea0e904e4c31e1ef3c7ca12a15b0d) HTTP ERROR 400 : { 'x-guploader-uploadid':
   'AEnB2Urixaad4kT0gO77Hl7vmoBazcooP8Nmy3T1oZND5MvVW67tFNKSyLyaDprfaFjwIgMkjY6CE8R885ZbRT3optwxI_ZNY9IakQcU31q-2MmfQBQ0N_Q',
  'content-length': '37',
  date: 'Sun, 07 Apr 2019 12:33:40 GMT',
  server: 'UploadServer',
  'content-type': 'text/html; charset=UTF-8',
  'alt-svc': 'quic=":443"; ma=2592000; v="46,44,43,39"',
  connection: 'close' } Couldn't process request (status=400)
[debug] [2019-04-07T12:33:40.547Z] [uploadQueue] Retries exhausted for task 6a8eb5db68cee0268de0154f7a2cf06fce8ea0e904e4c31e1ef3c7ca12a15b0d:
[debug] [2019-04-07T12:33:40.548Z] [hosting][upload queue][FINAL]
[debug] [2019-04-07T12:33:40.655Z] Error: Unexpected error while uploading file.
    at Request._callback (/Users/laurent.bouhnik/.nvm/versions/node/v10.14.1/lib/node_modules/firebase-tools/lib/deploy/hosting/uploader.js:197:39)
    at Request.self.callback (/Users/laurent.bouhnik/.nvm/versions/node/v10.14.1/lib/node_modules/firebase-tools/node_modules/request/request.js:185:22)
    at Request.emit (events.js:182:13)
    at Request.EventEmitter.emit (domain.js:442:20)
    at Request.<anonymous> (/Users/laurent.bouhnik/.nvm/versions/node/v10.14.1/lib/node_modules/firebase-tools/node_modules/request/request.js:1161:10)
    at Request.emit (events.js:182:13)
    at Request.EventEmitter.emit (domain.js:442:20)
    at IncomingMessage.<anonymous> (/Users/laurent.bouhnik/.nvm/versions/node/v10.14.1/lib/node_modules/firebase-tools/node_modules/request/request.js:1083:12)
    at Object.onceWrapper (events.js:273:13)
    at IncomingMessage.emit (events.js:187:15)
[error] 
[error] Error: An unexpected error has occurred.
[debug] [2019-04-07T12:39:19.753Z] ----------------------------------------------------------------------
[debug] [2019-04-07T12:39:19.756Z] Command:       /Users/laurent.bouhnik/.nvm/versions/node/v10.14.1/bin/node /Users/laurent.bouhnik/.nvm/versions/node/v10.14.1/bin/firebase deploy
[debug] [2019-04-07T12:39:19.756Z] CLI Version:   6.4.0
[debug] [2019-04-07T12:39:19.756Z] Platform:      darwin
[debug] [2019-04-07T12:39:19.756Z] Node Version:  v10.14.1
[debug] [2019-04-07T12:39:19.757Z] Time:          Sun Apr 07 2019 13:39:19 GMT+0100 (British Summer Time)
[debug] [2019-04-07T12:39:19.757Z] ----------------------------------------------------------------------
[debug] 
[debug] [2019-04-07T12:39:19.769Z] > command requires scopes: ["email","openid","https://www.googleapis.com/auth/cloudplatformprojects.readonly","https://www.googleapis.com/auth/firebase","https://www.googleapis.com/auth/cloud-platform"]
[debug] [2019-04-07T12:39:19.770Z] > authorizing via signed-in user
[debug] [2019-04-07T12:39:19.770Z] [iam] checking project interface-aesthetics for permissions ["cloudfunctions.functions.create","cloudfunctions.functions.delete","cloudfunctions.functions.get","cloudfunctions.functions.list","cloudfunctions.functions.update","cloudfunctions.operations.get","firebase.projects.get","firebasedatabase.instances.update","firebasehosting.sites.update"]
[debug] [2019-04-07T12:39:19.772Z] > refreshing access token with scopes: ["email","https://www.googleapis.com/auth/cloud-platform","https://www.googleapis.com/auth/cloudplatformprojects.readonly","https://www.googleapis.com/auth/firebase","openid"]
[debug] [2019-04-07T12:39:19.773Z] >>> HTTP REQUEST POST https://www.googleapis.com/oauth2/v3/token  
 <request body omitted>
[debug] [2019-04-07T12:39:20.010Z] <<< HTTP RESPONSE 200
[debug] [2019-04-07T12:39:20.033Z] >>> HTTP REQUEST POST https://cloudresourcemanager.googleapis.com/v1/projects/interface-aesthetics:testIamPermissions  

[debug] [2019-04-07T12:39:20.783Z] <<< HTTP RESPONSE 200
[debug] [2019-04-07T12:39:20.785Z] >>> HTTP REQUEST GET https://firebase.googleapis.com/v1beta1/projects/interface-aesthetics  
 
[debug] [2019-04-07T12:39:21.022Z] <<< HTTP RESPONSE 200
[info] 
[info] === Deploying to 'interface-aesthetics'...
[info] 
[info] i  deploying database, functions, hosting
[info] i  database: checking rules syntax...
[debug] [2019-04-07T12:39:24.392Z] >>> HTTP REQUEST PUT https://interface-aesthetics.firebaseio.com/.settings/rules.json?dryRun=true  
 {
  "rules": {
    ".read": true
  }
}

[debug] [2019-04-07T12:39:24.981Z] <<< HTTP RESPONSE 200
[info] ✔  database: rules syntax for database interface-aesthetics is valid
[debug] [2019-04-07T12:39:24.984Z] > [functions] package.json contents: {
  "name": "interface-aesthetics",
  "description": "interface-aesthetics",
  "dependencies": {
    "body-parser": "^1.18.3",
    "cors": "^2.8.5",
    "express": "4.15.2",
    "express-graphql": "^0.7.1",
    "firebase": "5.8.2",
    "firebase-admin": "~7.0.0",
    "firebase-functions": "^2.2.0",
    "graphql": "^14.1.1",
    "graphql-tag": "^2.10.1",
    "graphql-tools": "^4.0.4",
    "node-sass": "^4.11.0",
    "react": "^16.7.0",
    "react-dom": "^16.7.0",
    "request": "2.81.0"
  },
  "devDependencies": {
    "eslint": "^4.13.1",
    "eslint-plugin-promise": "^3.6.0"
  },
  "scripts": {
    "lint": "./node_modules/.bin/eslint --max-warnings=0 .",
    "serve": "firebase serve --only functions",
    "shell": "firebase experimental:functions:shell",
    "start": "npm run shell",
    "deploy": "firebase deploy --only functions",
    "logs": "firebase functions:log"
  },
  "engines": {
    "node": "8"
  },
  "private": true
}
[info] i  functions: ensuring necessary APIs are enabled...
[debug] [2019-04-07T12:39:24.985Z] >>> HTTP REQUEST GET https://servicemanagement.googleapis.com/v1/services/cloudfunctions.googleapis.com/projectSettings/interface-aesthetics?view=CONSUMER_VIEW  
 
[debug] [2019-04-07T12:39:24.986Z] >>> HTTP REQUEST GET https://servicemanagement.googleapis.com/v1/services/runtimeconfig.googleapis.com/projectSettings/interface-aesthetics?view=CONSUMER_VIEW  
 
[debug] [2019-04-07T12:39:26.259Z] <<< HTTP RESPONSE 200
[debug] [2019-04-07T12:39:26.303Z] <<< HTTP RESPONSE 200
[info] ✔  functions: all necessary APIs are enabled
[debug] [2019-04-07T12:39:26.304Z] >>> HTTP REQUEST GET https://cloudresourcemanager.googleapis.com/v1/projects/interface-aesthetics  
 
[debug] [2019-04-07T12:39:27.037Z] <<< HTTP RESPONSE 200
[debug] [2019-04-07T12:39:27.038Z] >>> HTTP REQUEST GET https://mobilesdk-pa.googleapis.com/v1/projects/316527730177:getServerAppConfig  
 
[debug] [2019-04-07T12:39:27.230Z] <<< HTTP RESPONSE 200
[debug] [2019-04-07T12:39:27.232Z] >>> HTTP REQUEST POST https://firebasehosting.googleapis.com/v1beta1/sites/interface-aesthetics/versions  

[debug] [2019-04-07T12:39:28.615Z] <<< HTTP RESPONSE 200
[info] i  functions: preparing functions directory for uploading...
[debug] [2019-04-07T12:39:28.617Z] >>> HTTP REQUEST GET https://runtimeconfig.googleapis.com/v1beta1/projects/interface-aesthetics/configs  
 
[debug] [2019-04-07T12:39:28.880Z] <<< HTTP RESPONSE 200
[info] i  functions: packaged functions (995.83 KB) for uploading
[debug] [2019-04-07T12:39:30.668Z] >>> HTTP REQUEST POST https://cloudfunctions.googleapis.com/v1/projects/interface-aesthetics/locations/us-central1/functions:generateUploadUrl  
 
[debug] [2019-04-07T12:39:31.021Z] <<< HTTP RESPONSE 200
[debug] [2019-04-07T12:39:31.022Z] >>> HTTP REQUEST PUT https://storage.googleapis.com/gcf-upload-us-central1-4e0be8fa-9177-482f-97b4-5e5f4402ff6b/281e3de4-6302-4705-9346-c687c3294ec3.zip?GoogleAccessId=service-316527730177@gcf-admin-robot.iam.gserviceaccount.com&Expires=1554642570&Signature=wNOa1yzXWDQZ9t3WuSiebILU3iBIMXtEND3pa8%2Bdqs1bBhUNyGESxz8Qp0xaZeEecdI6jxQWolB36pYfWzleX44suoYi59T5lRjdOSbPjUPHpQVjPuYaQkBVEmSfJ0HBUrxg2sLk8H%2BHyCy%2F5sLap1JwmnVZu%2BQmKAifqZhugbfbw23e1j2a5siP3xmCNqo6YeWpOfqqMOm%2BdOLxlRoGPVq0HzQas%2F3YUvDiKaoi%2FafLjllc3ATOYzuvYJbHt7YAldkU%2BYc9Ehlkbob%2Fp3wpekC1NsakyhjSeOm4p1DJGu9JPDJuXkDWYINphH6vqDDiZgxgIuoNcDxVbDz%2B5Qng3g%3D%3D  

[debug] [2019-04-07T12:39:33.048Z] <<< HTTP RESPONSE 200
[info] ✔  functions: functions folder uploaded successfully
[info] i  hosting[interface-aesthetics]: beginning deploy...
[info] i  hosting[interface-aesthetics]: found 30 files in public
[debug] [2019-04-07T12:39:33.060Z] [hosting] hash cache [cHVibGlj] load error: lines is not defined
[debug] [2019-04-07T12:39:36.595Z] [hosting] hash cache [cHVibGlj] stored for 30 files
[debug] [2019-04-07T12:39:36.597Z] [hosting][hash queue][FINAL]
[debug] [2019-04-07T12:39:36.599Z] >>> HTTP REQUEST POST https://firebasehosting.googleapis.com/v1beta1/sites/interface-aesthetics/versions/f7afef5d328c59cc:populateFiles  
 <request body omitted>
[debug] [2019-04-07T12:39:38.755Z] <<< HTTP RESPONSE 200
[debug] [2019-04-07T12:39:38.758Z] [hosting][populate queue][FINAL]
[debug] [2019-04-07T12:39:38.758Z] [hosting] uploads queued: 1
[debug] [2019-04-07T12:40:34.871Z] [hosting][upload] assets/client.bundle.js (90cd86d000c1ec55fdf35d3f94d15f71d404de7c8bf8d81c0fb4c61d8bf370c4) HTTP ERROR 400 : { 'x-guploader-uploadid':
   'AEnB2Uo2GlDvxDs_CgSDc4zYwVlGqZVWWaXWvk4OD_T_3B_2qzygQfpurglGkfIqiXjvlkdtMQhwaDtXtkVCAAH9wsfUh12tFqsp_RrQml1rQ8aaTzvRbO4',
  'content-length': '37',
  date: 'Sun, 07 Apr 2019 12:40:34 GMT',
  server: 'UploadServer',
  'content-type': 'text/html; charset=UTF-8',
  'alt-svc': 'quic=":443"; ma=2592000; v="46,44,43,39"',
  connection: 'close' } Couldn't process request (status=400)
[debug] [2019-04-07T12:40:35.275Z] [uploadQueue] Retrying task 90cd86d000c1ec55fdf35d3f94d15f71d404de7c8bf8d81c0fb4c61d8bf370c4
[debug] [2019-04-07T12:41:26.023Z] [hosting][upload] assets/client.bundle.js (90cd86d000c1ec55fdf35d3f94d15f71d404de7c8bf8d81c0fb4c61d8bf370c4) HTTP ERROR 400 : { 'x-guploader-uploadid':
   'AEnB2UqB9TXzp7DTPYffrgg1gLv5xfJpDfpGlOzgquKD2heu74ZKl0pRhhsqPGXAJvDaCh3I-FBW_78tBKUNzy2y5-5_B7I1LG0I2Aon2wi-6Umx6nRyhQE',
  'content-length': '37',
  date: 'Sun, 07 Apr 2019 12:41:26 GMT',
  server: 'UploadServer',
  'content-type': 'text/html; charset=UTF-8',
  'alt-svc': 'quic=":443"; ma=2592000; v="46,44,43,39"',
  connection: 'close' } Couldn't process request (status=400)
[debug] [2019-04-07T12:41:26.824Z] [uploadQueue] Retrying task 90cd86d000c1ec55fdf35d3f94d15f71d404de7c8bf8d81c0fb4c61d8bf370c4
[debug] [2019-04-07T12:41:49.214Z] [hosting][upload] assets/client.bundle.js (90cd86d000c1ec55fdf35d3f94d15f71d404de7c8bf8d81c0fb4c61d8bf370c4) HTTP ERROR 400 : { 'x-guploader-uploadid':
   'AEnB2UowvA1MSypukXQbDTihCvSDOh1FcVIaYOaDMfDxbER1gdDnAXu3UW4eupL-TNGI2RZgNFt1rGuKlsglKals3-Ipe0f5N0W8TIqR4pr5yGBu3rB_Ftc',
  'content-length': '37',
  date: 'Sun, 07 Apr 2019 12:41:49 GMT',
  server: 'UploadServer',
  'content-type': 'text/html; charset=UTF-8',
  'alt-svc': 'quic=":443"; ma=2592000; v="46,44,43,39"',
  connection: 'close' } Couldn't process request (status=400)
[debug] [2019-04-07T12:41:50.818Z] [uploadQueue] Retrying task 90cd86d000c1ec55fdf35d3f94d15f71d404de7c8bf8d81c0fb4c61d8bf370c4
[debug] [2019-04-07T12:42:11.335Z] [hosting][upload] assets/client.bundle.js (90cd86d000c1ec55fdf35d3f94d15f71d404de7c8bf8d81c0fb4c61d8bf370c4) HTTP ERROR 400 : { 'x-guploader-uploadid':
   'AEnB2Uo2lhiI6XNCvZGG75yCAQ7-M7qLF6bqXsNNyRpKf7gEiZm1fSs30QXDWHL41g027lYhuKjbdyAGKyMpcWUJWHhigcL8w6buKgMn3t7Wx6lq0TNdYEg',
  'content-length': '37',
  date: 'Sun, 07 Apr 2019 12:42:11 GMT',
  server: 'UploadServer',
  'content-type': 'text/html; charset=UTF-8',
  'alt-svc': 'quic=":443"; ma=2592000; v="46,44,43,39"',
  connection: 'close' } Couldn't process request (status=400)
[debug] [2019-04-07T12:42:14.537Z] [uploadQueue] Retrying task 90cd86d000c1ec55fdf35d3f94d15f71d404de7c8bf8d81c0fb4c61d8bf370c4
[debug] [2019-04-07T12:42:19.015Z] [hosting][upload] assets/client.bundle.js (90cd86d000c1ec55fdf35d3f94d15f71d404de7c8bf8d81c0fb4c61d8bf370c4) HTTP ERROR 400 : { 'x-guploader-uploadid':
   'AEnB2UpBQ3XaVeIOzQGCmngVksPjuK42qyYc3jSNT8dVXDPpnrLwxmMP_rUiy30qmuaIEe6mcHGfS13fLd5tJbXsK3yZZPqqiDCiHoqs4xbk5VGfge9BfqY',
  'content-length': '37',
  date: 'Sun, 07 Apr 2019 12:42:18 GMT',
  server: 'UploadServer',
  'content-type': 'text/html; charset=UTF-8',
  'alt-svc': 'quic=":443"; ma=2592000; v="46,44,43,39"',
  connection: 'close' } Couldn't process request (status=400)
[debug] [2019-04-07T12:42:25.417Z] [uploadQueue] Retrying task 90cd86d000c1ec55fdf35d3f94d15f71d404de7c8bf8d81c0fb4c61d8bf370c4
[debug] [2019-04-07T12:42:30.534Z] [hosting][upload] assets/client.bundle.js (90cd86d000c1ec55fdf35d3f94d15f71d404de7c8bf8d81c0fb4c61d8bf370c4) HTTP ERROR 400 : { 'x-guploader-uploadid':
   'AEnB2UrI9X7DBxWjspi6fQeM3-SIRRVkAtOgDIzd7gJE4cfc2pd-0kxzkkRqc93Tpa9vH18lhoP534mbVZFAS1rBF2SbmrJQypDrDdpzVeEbSKBuEp21s5k',
  'content-length': '37',
  date: 'Sun, 07 Apr 2019 12:42:30 GMT',
  server: 'UploadServer',
  'content-type': 'text/html; charset=UTF-8',
  'alt-svc': 'quic=":443"; ma=2592000; v="46,44,43,39"',
  connection: 'close' } Couldn't process request (status=400)
[debug] [2019-04-07T12:42:30.536Z] [uploadQueue] Retries exhausted for task 90cd86d000c1ec55fdf35d3f94d15f71d404de7c8bf8d81c0fb4c61d8bf370c4:
[debug] [2019-04-07T12:42:30.537Z] [hosting][upload queue][FINAL]
[debug] [2019-04-07T12:42:30.658Z] Error: Unexpected error while uploading file.
    at Request._callback (/Users/laurent.bouhnik/.nvm/versions/node/v10.14.1/lib/node_modules/firebase-tools/lib/deploy/hosting/uploader.js:197:39)
    at Request.self.callback (/Users/laurent.bouhnik/.nvm/versions/node/v10.14.1/lib/node_modules/firebase-tools/node_modules/request/request.js:185:22)
    at Request.emit (events.js:182:13)
    at Request.EventEmitter.emit (domain.js:442:20)
    at Request.<anonymous> (/Users/laurent.bouhnik/.nvm/versions/node/v10.14.1/lib/node_modules/firebase-tools/node_modules/request/request.js:1161:10)
    at Request.emit (events.js:182:13)
    at Request.EventEmitter.emit (domain.js:442:20)
    at IncomingMessage.<anonymous> (/Users/laurent.bouhnik/.nvm/versions/node/v10.14.1/lib/node_modules/firebase-tools/node_modules/request/request.js:1083:12)
    at Object.onceWrapper (events.js:273:13)
    at IncomingMessage.emit (events.js:187:15)
[error] 
[error] Error: An unexpected error has occurred.
[debug] [2019-04-07T13:18:16.742Z] ----------------------------------------------------------------------
[debug] [2019-04-07T13:18:16.744Z] Command:       /Users/laurent.bouhnik/.nvm/versions/node/v10.14.1/bin/node /Users/laurent.bouhnik/.nvm/versions/node/v10.14.1/bin/firebase deploy
[debug] [2019-04-07T13:18:16.745Z] CLI Version:   6.4.0
[debug] [2019-04-07T13:18:16.745Z] Platform:      darwin
[debug] [2019-04-07T13:18:16.745Z] Node Version:  v10.14.1
[debug] [2019-04-07T13:18:16.746Z] Time:          Sun Apr 07 2019 14:18:16 GMT+0100 (British Summer Time)
[debug] [2019-04-07T13:18:16.746Z] ----------------------------------------------------------------------
[debug] 
[debug] [2019-04-07T13:18:16.757Z] > command requires scopes: ["email","openid","https://www.googleapis.com/auth/cloudplatformprojects.readonly","https://www.googleapis.com/auth/firebase","https://www.googleapis.com/auth/cloud-platform"]
[debug] [2019-04-07T13:18:16.757Z] > authorizing via signed-in user
[debug] [2019-04-07T13:18:16.757Z] [iam] checking project interface-aesthetics for permissions ["cloudfunctions.functions.create","cloudfunctions.functions.delete","cloudfunctions.functions.get","cloudfunctions.functions.list","cloudfunctions.functions.update","cloudfunctions.operations.get","firebase.projects.get","firebasedatabase.instances.update","firebasehosting.sites.update"]
[debug] [2019-04-07T13:18:16.759Z] >>> HTTP REQUEST POST https://cloudresourcemanager.googleapis.com/v1/projects/interface-aesthetics:testIamPermissions  

[debug] [2019-04-07T13:18:17.572Z] <<< HTTP RESPONSE 200
[debug] [2019-04-07T13:18:17.574Z] >>> HTTP REQUEST GET https://firebase.googleapis.com/v1beta1/projects/interface-aesthetics  
 
[debug] [2019-04-07T13:18:17.846Z] <<< HTTP RESPONSE 200
[info] 
[info] === Deploying to 'interface-aesthetics'...
[info] 
[info] i  deploying database, functions, hosting
[info] i  database: checking rules syntax...
[debug] [2019-04-07T13:18:21.362Z] >>> HTTP REQUEST PUT https://interface-aesthetics.firebaseio.com/.settings/rules.json?dryRun=true  
 {
  "rules": {
    ".read": true
  }
}

[debug] [2019-04-07T13:18:21.938Z] <<< HTTP RESPONSE 200
[info] ✔  database: rules syntax for database interface-aesthetics is valid
[debug] [2019-04-07T13:18:21.940Z] > [functions] package.json contents: {
  "name": "interface-aesthetics",
  "description": "interface-aesthetics",
  "dependencies": {
    "body-parser": "^1.18.3",
    "cors": "^2.8.5",
    "express": "4.15.2",
    "express-graphql": "^0.7.1",
    "firebase": "5.8.2",
    "firebase-admin": "~7.0.0",
    "firebase-functions": "^2.2.0",
    "graphql": "^14.1.1",
    "graphql-tag": "^2.10.1",
    "graphql-tools": "^4.0.4",
    "node-sass": "^4.11.0",
    "react": "^16.7.0",
    "react-dom": "^16.7.0",
    "request": "2.81.0"
  },
  "devDependencies": {
    "eslint": "^4.13.1",
    "eslint-plugin-promise": "^3.6.0"
  },
  "scripts": {
    "lint": "./node_modules/.bin/eslint --max-warnings=0 .",
    "serve": "firebase serve --only functions",
    "shell": "firebase experimental:functions:shell",
    "start": "npm run shell",
    "deploy": "firebase deploy --only functions",
    "logs": "firebase functions:log"
  },
  "engines": {
    "node": "8"
  },
  "private": true
}
[info] i  functions: ensuring necessary APIs are enabled...
[debug] [2019-04-07T13:18:21.941Z] >>> HTTP REQUEST GET https://servicemanagement.googleapis.com/v1/services/cloudfunctions.googleapis.com/projectSettings/interface-aesthetics?view=CONSUMER_VIEW  
 
[debug] [2019-04-07T13:18:21.941Z] >>> HTTP REQUEST GET https://servicemanagement.googleapis.com/v1/services/runtimeconfig.googleapis.com/projectSettings/interface-aesthetics?view=CONSUMER_VIEW  
 
[debug] [2019-04-07T13:18:23.202Z] <<< HTTP RESPONSE 200
[debug] [2019-04-07T13:18:23.278Z] <<< HTTP RESPONSE 200
[info] ✔  functions: all necessary APIs are enabled
[debug] [2019-04-07T13:18:23.279Z] >>> HTTP REQUEST GET https://cloudresourcemanager.googleapis.com/v1/projects/interface-aesthetics  
 
[debug] [2019-04-07T13:18:24.122Z] <<< HTTP RESPONSE 200
[debug] [2019-04-07T13:18:24.123Z] >>> HTTP REQUEST GET https://mobilesdk-pa.googleapis.com/v1/projects/316527730177:getServerAppConfig  
 
[debug] [2019-04-07T13:18:24.358Z] <<< HTTP RESPONSE 200
[debug] [2019-04-07T13:18:24.359Z] >>> HTTP REQUEST POST https://firebasehosting.googleapis.com/v1beta1/sites/interface-aesthetics/versions  

[debug] [2019-04-07T13:18:25.683Z] <<< HTTP RESPONSE 200
[info] i  functions: preparing functions directory for uploading...
[debug] [2019-04-07T13:18:25.686Z] >>> HTTP REQUEST GET https://runtimeconfig.googleapis.com/v1beta1/projects/interface-aesthetics/configs  
 
[debug] [2019-04-07T13:18:26.043Z] <<< HTTP RESPONSE 200
[info] i  functions: packaged functions (996.74 KB) for uploading
[debug] [2019-04-07T13:18:27.988Z] >>> HTTP REQUEST POST https://cloudfunctions.googleapis.com/v1/projects/interface-aesthetics/locations/us-central1/functions:generateUploadUrl  
 
[debug] [2019-04-07T13:18:28.423Z] <<< HTTP RESPONSE 200
[debug] [2019-04-07T13:18:28.424Z] >>> HTTP REQUEST PUT https://storage.googleapis.com/gcf-upload-us-central1-4e0be8fa-9177-482f-97b4-5e5f4402ff6b/20d0d53a-3ac1-470d-bbc3-c300357a1f48.zip?GoogleAccessId=service-316527730177@gcf-admin-robot.iam.gserviceaccount.com&Expires=1554644908&Signature=bV4E31Pb%2FTkFJ8AlHuakEzhkCqhdsF8HitT19YbHwwGWM585lg3EG9m%2BIX%2B4qy6BZWQwVUuFtkCnImYBAwDs4I3MsdhnQ7l%2F4tK1gu5rZVbiy%2BBuJdm58ve%2Bs5eV6RgXvqHSvga8ZhaQIiLgNG%2BmuVYISYhzz59KT3nI49MF6AQ34i3HXryhXdLaK1dhMGEzJpGgSq4cp3AwkSZ%2BsU7kjvlsEziWYwPxRkUuWBOhCIcoG8HW38hb6db9M2vSdZy96%2Bc8XJvVPx%2FOwhhGlU%2F4g1X53R9EGzGb6hiixbdyH4uQq5JcXiHdQgUGHPS182OfQzWSg1p4STbABtbF8kBaLA%3D%3D  

[debug] [2019-04-07T13:18:30.494Z] <<< HTTP RESPONSE 200
[info] ✔  functions: functions folder uploaded successfully
[info] i  hosting[interface-aesthetics]: beginning deploy...
[info] i  hosting[interface-aesthetics]: found 31 files in public
[debug] [2019-04-07T13:18:30.509Z] [hosting] hash cache [cHVibGlj] load error: lines is not defined
[debug] [2019-04-07T13:18:35.702Z] [hosting] hash cache [cHVibGlj] stored for 31 files
[debug] [2019-04-07T13:18:35.702Z] [hosting][hash queue][FINAL]
[debug] [2019-04-07T13:18:35.702Z] >>> HTTP REQUEST POST https://firebasehosting.googleapis.com/v1beta1/sites/interface-aesthetics/versions/4dccb27876f7f3f8:populateFiles  
 <request body omitted>
[debug] [2019-04-07T13:18:38.921Z] <<< HTTP RESPONSE 200
[debug] [2019-04-07T13:18:38.925Z] [hosting][populate queue][FINAL]
[debug] [2019-04-07T13:18:38.925Z] [hosting] uploads queued: 2
[debug] [2019-04-07T13:19:12.241Z] [hosting][upload] assets/client.bundle.js (b81c11d8e7aefe24b051c1d2cabb80930799f5606113dcaeede0b34dde2fc924) HTTP ERROR 400 : { 'x-guploader-uploadid':
   'AEnB2Up9ZIovJcIWXTGs8_OK9RtU6TdtZZFVBNNksMUz9LIBOGaLB5UPYE0dgfilAOakfKJxgTifL8EILl8HchSfFShcFG4RAniDreAJHcFDKz_VH6OPobA',
  'content-length': '37',
  date: 'Sun, 07 Apr 2019 13:19:12 GMT',
  server: 'UploadServer',
  'content-type': 'text/html; charset=UTF-8',
  'alt-svc': 'quic=":443"; ma=2592000; v="46,44,43,39"',
  connection: 'close' } Couldn't process request (status=400)
[debug] [2019-04-07T13:19:12.644Z] [uploadQueue] Retrying task b81c11d8e7aefe24b051c1d2cabb80930799f5606113dcaeede0b34dde2fc924
[debug] [2019-04-07T13:20:12.054Z] [hosting][upload] assets/client.bundle.js (b81c11d8e7aefe24b051c1d2cabb80930799f5606113dcaeede0b34dde2fc924) HTTP ERROR 400 : { 'x-guploader-uploadid':
   'AEnB2Up5q-amuGg9DSHlQKIkmpk_lABb0Vfkp-oKvDwGvPRSix_agDGa_BV1ebFLsvvatOo8DGhGIWxW-RLcMUtjGwi55O0kKl2-cCG6c_uD5SijaqQoPJQ',
  'content-length': '37',
  date: 'Sun, 07 Apr 2019 13:20:12 GMT',
  server: 'UploadServer',
  'content-type': 'text/html; charset=UTF-8',
  'alt-svc': 'quic=":443"; ma=2592000; v="46,44,43,39"',
  connection: 'close' } Couldn't process request (status=400)
[debug] [2019-04-07T13:20:12.859Z] [uploadQueue] Retrying task b81c11d8e7aefe24b051c1d2cabb80930799f5606113dcaeede0b34dde2fc924
[debug] [2019-04-07T13:20:21.373Z] [hosting][upload] assets/client.bundle.js (b81c11d8e7aefe24b051c1d2cabb80930799f5606113dcaeede0b34dde2fc924) HTTP ERROR 400 : { 'x-guploader-uploadid':
   'AEnB2Ur5Zg1E5odB4qOuq5pcxCcVQExhtbiEo11bwOijpnMHfHQShq9P585F6ea-PbVotoRbZcziM90DwXbqUlLkCp6evNs2l6Gt2lkOoov8sufWhP-Es7Q',
  'content-length': '37',
  date: 'Sun, 07 Apr 2019 13:20:21 GMT',
  server: 'UploadServer',
  'content-type': 'text/html; charset=UTF-8',
  'alt-svc': 'quic=":443"; ma=2592000; v="46,44,43,39"',
  connection: 'close' } Couldn't process request (status=400)
[debug] [2019-04-07T13:20:22.975Z] [uploadQueue] Retrying task b81c11d8e7aefe24b051c1d2cabb80930799f5606113dcaeede0b34dde2fc924
[debug] [2019-04-07T13:20:33.763Z] [hosting][upload] assets/client.bundle.js (b81c11d8e7aefe24b051c1d2cabb80930799f5606113dcaeede0b34dde2fc924) HTTP ERROR 400 : { 'x-guploader-uploadid':
   'AEnB2Ur-dM2ZLM4KEoF9LpS05W-26Xq76hEydHJh1awqmqVwCIiiFHUMLMg116ZCNfEd66QCr9XzSPtQikTNDXKF3D0FvkP7nSarWygCykPcCPcI5M6_m-0',
  'content-length': '37',
  date: 'Sun, 07 Apr 2019 13:20:33 GMT',
  server: 'UploadServer',
  'content-type': 'text/html; charset=UTF-8',
  'alt-svc': 'quic=":443"; ma=2592000; v="46,44,43,39"',
  connection: 'close' } Couldn't process request (status=400)
[debug] [2019-04-07T13:20:36.965Z] [uploadQueue] Retrying task b81c11d8e7aefe24b051c1d2cabb80930799f5606113dcaeede0b34dde2fc924
[debug] [2019-04-07T13:20:51.475Z] [hosting][upload] assets/client.bundle.js (b81c11d8e7aefe24b051c1d2cabb80930799f5606113dcaeede0b34dde2fc924) HTTP ERROR 400 : { 'x-guploader-uploadid':
   'AEnB2UopsZJD70dlAjtXC6FKJ2Kjs6zF2pqqJ5ku8ITvh_UiyPBLeaeDwZSsDE0zw4uBTq9dY_9OdqNZpYdI2tv5iPxpMkApqVZpwJRIf6FZntiEJFpV34k',
  'content-length': '37',
  date: 'Sun, 07 Apr 2019 13:20:51 GMT',
  server: 'UploadServer',
  'content-type': 'text/html; charset=UTF-8',
  'alt-svc': 'quic=":443"; ma=2592000; v="46,44,43,39"',
  connection: 'close' } Couldn't process request (status=400)
[debug] [2019-04-07T13:20:57.879Z] [uploadQueue] Retrying task b81c11d8e7aefe24b051c1d2cabb80930799f5606113dcaeede0b34dde2fc924
[debug] [2019-04-07T13:21:11.549Z] [hosting][upload] assets/client.bundle.js (b81c11d8e7aefe24b051c1d2cabb80930799f5606113dcaeede0b34dde2fc924) HTTP ERROR 400 : { 'x-guploader-uploadid':
   'AEnB2UoWvn3Dtc1Gsb8zTmOQ-RdDCFgObZMAlViKl8Q2u_moZrS5EwBQB80ZOHaLJlzZS76QMFA3CahcF-XtC03rWRfx-TpPbtYgK-RYkBk-5kgZrHCjnls',
  'content-length': '37',
  date: 'Sun, 07 Apr 2019 13:21:11 GMT',
  server: 'UploadServer',
  'content-type': 'text/html; charset=UTF-8',
  'alt-svc': 'quic=":443"; ma=2592000; v="46,44,43,39"',
  connection: 'close' } Couldn't process request (status=400)
[debug] [2019-04-07T13:21:11.550Z] [uploadQueue] Retries exhausted for task b81c11d8e7aefe24b051c1d2cabb80930799f5606113dcaeede0b34dde2fc924:
[debug] [2019-04-07T13:21:11.550Z] [hosting][upload queue][FINAL]
[debug] [2019-04-07T13:21:11.664Z] Error: Unexpected error while uploading file.
    at Request._callback (/Users/laurent.bouhnik/.nvm/versions/node/v10.14.1/lib/node_modules/firebase-tools/lib/deploy/hosting/uploader.js:197:39)
    at Request.self.callback (/Users/laurent.bouhnik/.nvm/versions/node/v10.14.1/lib/node_modules/firebase-tools/node_modules/request/request.js:185:22)
    at Request.emit (events.js:182:13)
    at Request.EventEmitter.emit (domain.js:442:20)
    at Request.<anonymous> (/Users/laurent.bouhnik/.nvm/versions/node/v10.14.1/lib/node_modules/firebase-tools/node_modules/request/request.js:1161:10)
    at Request.emit (events.js:182:13)
    at Request.EventEmitter.emit (domain.js:442:20)
    at IncomingMessage.<anonymous> (/Users/laurent.bouhnik/.nvm/versions/node/v10.14.1/lib/node_modules/firebase-tools/node_modules/request/request.js:1083:12)
    at Object.onceWrapper (events.js:273:13)
    at IncomingMessage.emit (events.js:187:15)
[error] 
[error] Error: An unexpected error has occurred.
