0 info it worked if it ends with ok
1 verbose cli [ '/Users/laurent.bouhnik/.nvm/versions/node/v6.11.5/bin/node',
1 verbose cli   '/Users/laurent.bouhnik/.nvm/versions/node/v6.11.5/bin/npm',
1 verbose cli   'run',
1 verbose cli   'build' ]
2 info using npm@3.10.10
3 info using node@v6.11.5
4 verbose run-script [ 'prebuild', 'build', 'postbuild' ]
5 info lifecycle employee-directory-app@~prebuild: employee-directory-app@
6 silly lifecycle employee-directory-app@~prebuild: no script for prebuild, continuing
7 info lifecycle employee-directory-app@~build: employee-directory-app@
8 verbose lifecycle employee-directory-app@~build: unsafe-perm in lifecycle true
9 verbose lifecycle employee-directory-app@~build: PATH: /Users/laurent.bouhnik/.nvm/versions/node/v6.11.5/lib/node_modules/npm/bin/node-gyp-bin:/Users/laurent.bouhnik/Documents/perso/functions-samples/isomorphic-react-app/src/node_modules/.bin:/Users/laurent.bouhnik/.nvm/versions/node/v6.11.5/bin:/usr/local/bin:/usr/bin:/bin:/usr/sbin:/sbin
10 verbose lifecycle employee-directory-app@~build: CWD: /Users/laurent.bouhnik/Documents/perso/functions-samples/isomorphic-react-app/src
11 silly lifecycle employee-directory-app@~build: Args: [ '-c',
11 silly lifecycle   'npm run createfirebaseconf && npm run buildClient && npm run buildServer' ]
12 silly lifecycle employee-directory-app@~build: Returned: code: 1  signal: null
13 info lifecycle employee-directory-app@~build: Failed to exec build script
14 verbose stack Error: employee-directory-app@ build: `npm run createfirebaseconf && npm run buildClient && npm run buildServer`
14 verbose stack Exit status 1
14 verbose stack     at EventEmitter.<anonymous> (/Users/laurent.bouhnik/.nvm/versions/node/v6.11.5/lib/node_modules/npm/lib/utils/lifecycle.js:255:16)
14 verbose stack     at emitTwo (events.js:106:13)
14 verbose stack     at EventEmitter.emit (events.js:191:7)
14 verbose stack     at ChildProcess.<anonymous> (/Users/laurent.bouhnik/.nvm/versions/node/v6.11.5/lib/node_modules/npm/lib/utils/spawn.js:40:14)
14 verbose stack     at emitTwo (events.js:106:13)
14 verbose stack     at ChildProcess.emit (events.js:191:7)
14 verbose stack     at maybeClose (internal/child_process.js:920:16)
14 verbose stack     at Process.ChildProcess._handle.onexit (internal/child_process.js:230:5)
15 verbose pkgid employee-directory-app@
16 verbose cwd /Users/laurent.bouhnik/Documents/perso/functions-samples/isomorphic-react-app/src
17 error Darwin 18.2.0
18 error argv "/Users/laurent.bouhnik/.nvm/versions/node/v6.11.5/bin/node" "/Users/laurent.bouhnik/.nvm/versions/node/v6.11.5/bin/npm" "run" "build"
19 error node v6.11.5
20 error npm  v3.10.10
21 error code ELIFECYCLE
22 error employee-directory-app@ build: `npm run createfirebaseconf && npm run buildClient && npm run buildServer`
22 error Exit status 1
23 error Failed at the employee-directory-app@ build script 'npm run createfirebaseconf && npm run buildClient && npm run buildServer'.
23 error Make sure you have the latest version of node.js and npm installed.
23 error If you do, this is most likely a problem with the employee-directory-app package,
23 error not with npm itself.
23 error Tell the author that this fails on your system:
23 error     npm run createfirebaseconf && npm run buildClient && npm run buildServer
23 error You can get information on how to open an issue for this project with:
23 error     npm bugs employee-directory-app
23 error Or if that isn't available, you can get their info via:
23 error     npm owner ls employee-directory-app
23 error There is likely additional logging output above.
24 verbose exit [ 1, true ]
